<?xml version="1.0" encoding="UTF-8"?>
<!-- Generated by org.testng.reporters.JUnitXMLReporter -->
<testsuite hostname="vishaljaiswal" name="Practise test" tests="3" failures="0" timestamp="13 Apr 2019 03:21:21 GMT" time="0.212" errors="0">
  <testcase name="insideTest1" time="0.017" classname="learningselenium.LearningTestNG"/>
  <testcase name="insideTest2" time="0.005" classname="learningselenium.LearningTestNG"/>
  <testcase name="test" time="0.004" classname="learningselenium.TestNG2"/>
</testsuite> <!-- Practise test -->
